# JRE version: OpenJDK Runtime Environment (8.0_242-b01) (build 1.8.0_242-release-1644-b01)
# Java VM: OpenJDK 64-Bit Server VM (25.242-b01 mixed mode windows-amd64 compressed oops)
Heap:
 PSYoungGen      total 76800K, used 5013K [0x00000000d5580000, 0x00000000dcd80000, 0x0000000100000000)
  eden space 65536K, 7% used [0x00000000d5580000,0x00000000d5a65678,0x00000000d9580000)
  from space 11264K, 0% used [0x00000000d9580000,0x00000000d9580000,0x00000000da080000)
  to   space 11776K, 0% used [0x00000000dc200000,0x00000000dc200000,0x00000000dcd80000)
 ParOldGen       total 66560K, used 14945K [0x0000000080000000, 0x0000000084100000, 0x00000000d5580000)
  object space 66560K, 22% used [0x0000000080000000,0x0000000080e98460,0x0000000084100000)
 Metaspace       used 32805K, capacity 33814K, committed 33968K, reserved 1081344K
  class space    used 4488K, capacity 4755K, committed 4784K, reserved 1048576K
GC Heap History (10 events):
Event: 5.450 GC heap before
{Heap before GC invocations=7 (full 0):
 PSYoungGen      total 76288K, used 9814K [0x00000000d5580000, 0x00000000dab80000, 0x0000000100000000)
  eden space 66048K, 1% used [0x00000000d5580000,0x00000000d56b8568,0x00000000d9600000)
  from space 10240K, 83% used [0x00000000da080000,0x00000000da8dd4d0,0x00000000daa80000)
  to   space 10752K, 0% used [0x00000000d9600000,0x00000000d9600000,0x00000000da080000)
 ParOldGen       total 87552K, used 6466K [0x0000000080000000, 0x0000000085580000, 0x00000000d5580000)
  object space 87552K, 7% used [0x0000000080000000,0x00000000806509f0,0x0000000085580000)
 Metaspace       used 20581K, capacity 21220K, committed 21296K, reserved 1067008K
  class space    used 2875K, capacity 3076K, committed 3120K, reserved 1048576K
Event: 5.460 GC heap after
Heap after GC invocations=7 (full 0):
 PSYoungGen      total 76800K, used 3748K [0x00000000d5580000, 0x00000000dab80000, 0x0000000100000000)
  eden space 66048K, 0% used [0x00000000d5580000,0x00000000d5580000,0x00000000d9600000)
  from space 10752K, 34% used [0x00000000d9600000,0x00000000d99a9050,0x00000000da080000)
  to   space 10240K, 0% used [0x00000000da080000,0x00000000da080000,0x00000000daa80000)
 ParOldGen       total 87552K, used 8726K [0x0000000080000000, 0x0000000085580000, 0x00000000d5580000)
  object space 87552K, 9% used [0x0000000080000000,0x0000000080885a50,0x0000000085580000)
 Metaspace       used 20581K, capacity 21220K, committed 21296K, reserved 1067008K
  class space    used 2875K, capacity 3076K, committed 3120K, reserved 1048576K
}
Event: 5.460 GC heap before
{Heap before GC invocations=8 (full 1):
 PSYoungGen      total 76800K, used 3748K [0x00000000d5580000, 0x00000000dab80000, 0x0000000100000000)
  eden space 66048K, 0% used [0x00000000d5580000,0x00000000d5580000,0x00000000d9600000)
  from space 10752K, 34% used [0x00000000d9600000,0x00000000d99a9050,0x00000000da080000)
  to   space 10240K, 0% used [0x00000000da080000,0x00000000da080000,0x00000000daa80000)
 ParOldGen       total 87552K, used 8726K [0x0000000080000000, 0x0000000085580000, 0x00000000d5580000)
  object space 87552K, 9% used [0x0000000080000000,0x0000000080885a50,0x0000000085580000)
 Metaspace       used 20581K, capacity 21220K, committed 21296K, reserved 1067008K
  class space    used 2875K, capacity 3076K, committed 3120K, reserved 1048576K
Event: 5.529 GC heap after
Heap after GC invocations=8 (full 1):
 PSYoungGen      total 76800K, used 0K [0x00000000d5580000, 0x00000000dab80000, 0x0000000100000000)
  eden space 66048K, 0% used [0x00000000d5580000,0x00000000d5580000,0x00000000d9600000)
  from space 10752K, 0% used [0x00000000d9600000,0x00000000d9600000,0x00000000da080000)
  to   space 10240K, 0% used [0x00000000da080000,0x00000000da080000,0x00000000daa80000)
 ParOldGen       total 47616K, used 6676K [0x0000000080000000, 0x0000000082e80000, 0x00000000d5580000)
  object space 47616K, 14% used [0x0000000080000000,0x0000000080685250,0x0000000082e80000)
 Metaspace       used 20581K, capacity 21220K, committed 21296K, reserved 1067008K
  class space    used 2875K, capacity 3076K, committed 3120K, reserved 1048576K
}
Event: 6.569 GC heap before
{Heap before GC invocations=9 (full 1):
 PSYoungGen      total 76800K, used 66048K [0x00000000d5580000, 0x00000000dab80000, 0x0000000100000000)
  eden space 66048K, 100% used [0x00000000d5580000,0x00000000d9600000,0x00000000d9600000)
  from space 10752K, 0% used [0x00000000d9600000,0x00000000d9600000,0x00000000da080000)
  to   space 10240K, 0% used [0x00000000da080000,0x00000000da080000,0x00000000daa80000)
 ParOldGen       total 47616K, used 6676K [0x0000000080000000, 0x0000000082e80000, 0x00000000d5580000)
  object space 47616K, 14% used [0x0000000080000000,0x0000000080685250,0x0000000082e80000)
 Metaspace       used 28924K, capacity 29792K, committed 29872K, reserved 1075200K
  class space    used 4006K, capacity 4261K, committed 4272K, reserved 1048576K
Event: 6.578 GC heap after
Heap after GC invocations=9 (full 1):
 PSYoungGen      total 75776K, used 8660K [0x00000000d5580000, 0x00000000de500000, 0x0000000100000000)
  eden space 65536K, 0% used [0x00000000d5580000,0x00000000d5580000,0x00000000d9580000)
  from space 10240K, 84% used [0x00000000da080000,0x00000000da8f5360,0x00000000daa80000)
  to   space 11264K, 0% used [0x00000000d9580000,0x00000000d9580000,0x00000000da080000)
 ParOldGen       total 47616K, used 6684K [0x0000000080000000, 0x0000000082e80000, 0x00000000d5580000)
  object space 47616K, 14% used [0x0000000080000000,0x0000000080687250,0x0000000082e80000)
 Metaspace       used 28924K, capacity 29792K, committed 29872K, reserved 1075200K
  class space    used 4006K, capacity 4261K, committed 4272K, reserved 1048576K
}
Event: 7.231 GC heap before
{Heap before GC invocations=10 (full 1):
 PSYoungGen      total 75776K, used 66995K [0x00000000d5580000, 0x00000000de500000, 0x0000000100000000)
  eden space 65536K, 89% used [0x00000000d5580000,0x00000000d8e779d8,0x00000000d9580000)
  from space 10240K, 84% used [0x00000000da080000,0x00000000da8f5360,0x00000000daa80000)
  to   space 11264K, 0% used [0x00000000d9580000,0x00000000d9580000,0x00000000da080000)
 ParOldGen       total 47616K, used 6684K [0x0000000080000000, 0x0000000082e80000, 0x00000000d5580000)
  object space 47616K, 14% used [0x0000000080000000,0x0000000080687250,0x0000000082e80000)
 Metaspace       used 32601K, capacity 33632K, committed 33712K, reserved 1083392K
  class space    used 4447K, capacity 4718K, committed 4784K, reserved 1048576K
Event: 7.243 GC heap after
Heap after GC invocations=10 (full 1):
 PSYoungGen      total 76800K, used 8675K [0x00000000d5580000, 0x00000000dcd80000, 0x0000000100000000)
  eden space 65536K, 0% used [0x00000000d5580000,0x00000000d5580000,0x00000000d9580000)
  from space 11264K, 77% used [0x00000000d9580000,0x00000000d9df8cf0,0x00000000da080000)
  to   space 11776K, 0% used [0x00000000dc200000,0x00000000dc200000,0x00000000dcd80000)
 ParOldGen       total 47616K, used 6692K [0x0000000080000000, 0x0000000082e80000, 0x00000000d5580000)
  object space 47616K, 14% used [0x0000000080000000,0x0000000080689250,0x0000000082e80000)
 Metaspace       used 32601K, capacity 33632K, committed 33712K, reserved 1083392K
  class space    used 4447K, capacity 4718K, committed 4784K, reserved 1048576K
}
Event: 7.243 GC heap before
{Heap before GC invocations=11 (full 2):
 PSYoungGen      total 76800K, used 8675K [0x00000000d5580000, 0x00000000dcd80000, 0x0000000100000000)
  eden space 65536K, 0% used [0x00000000d5580000,0x00000000d5580000,0x00000000d9580000)
  from space 11264K, 77% used [0x00000000d9580000,0x00000000d9df8cf0,0x00000000da080000)
  to   space 11776K, 0% used [0x00000000dc200000,0x00000000dc200000,0x00000000dcd80000)
 ParOldGen       total 47616K, used 6692K [0x0000000080000000, 0x0000000082e80000, 0x00000000d5580000)
  object space 47616K, 14% used [0x0000000080000000,0x0000000080689250,0x0000000082e80000)
 Metaspace       used 32601K, capacity 33632K, committed 33712K, reserved 1083392K
  class space    used 4447K, capacity 4718K, committed 4784K, reserved 1048576K
Event: 7.328 GC heap after
Heap after GC invocations=11 (full 2):
 PSYoungGen      total 76800K, used 0K [0x00000000d5580000, 0x00000000dcd80000, 0x0000000100000000)
  eden space 65536K, 0% used [0x00000000d5580000,0x00000000d5580000,0x00000000d9580000)
  from space 11264K, 0% used [0x00000000d9580000,0x00000000d9580000,0x00000000da080000)
  to   space 11776K, 0% used [0x00000000dc200000,0x00000000dc200000,0x00000000dcd80000)
 ParOldGen       total 66560K, used 14945K [0x0000000080000000, 0x0000000084100000, 0x00000000d5580000)
  object space 66560K, 22% used [0x0000000080000000,0x0000000080e98460,0x0000000084100000)
 Metaspace       used 32601K, capacity 33632K, committed 33712K, reserved 1081344K
  class space    used 4447K, capacity 4718K, committed 4784K, reserved 1048576K
}

