# JRE version: OpenJDK Runtime Environment (8.0_242-b01) (build 1.8.0_242-release-1644-b01)
# Java VM: OpenJDK 64-Bit Server VM (25.242-b01 mixed mode windows-amd64 compressed oops)
Heap:
 PSYoungGen      total 71680K, used 51114K [0x00000000d5580000, 0x00000000da080000, 0x0000000100000000)
  eden space 66560K, 69% used [0x00000000d5580000,0x00000000d82cb8c8,0x00000000d9680000)
  from space 5120K, 92% used [0x00000000d9680000,0x00000000d9b1f320,0x00000000d9b80000)
  to   space 5120K, 0% used [0x00000000d9b80000,0x00000000d9b80000,0x00000000da080000)
 ParOldGen       total 54272K, used 14375K [0x0000000080000000, 0x0000000083500000, 0x00000000d5580000)
  object space 54272K, 26% used [0x0000000080000000,0x0000000080e09d08,0x0000000083500000)
 Metaspace       used 40259K, capacity 41998K, committed 42024K, reserved 1085440K
  class space    used 5544K, capacity 5935K, committed 5936K, reserved 1048576K
GC Heap History (10 events):
Event: 6.835 GC heap before
{Heap before GC invocations=7 (full 1):
 PSYoungGen      total 71680K, used 66560K [0x00000000d5580000, 0x00000000da080000, 0x0000000100000000)
  eden space 66560K, 100% used [0x00000000d5580000,0x00000000d9680000,0x00000000d9680000)
  from space 5120K, 0% used [0x00000000d9680000,0x00000000d9680000,0x00000000d9b80000)
  to   space 5120K, 0% used [0x00000000d9b80000,0x00000000d9b80000,0x00000000da080000)
 ParOldGen       total 54272K, used 6791K [0x0000000080000000, 0x0000000083500000, 0x00000000d5580000)
  object space 54272K, 12% used [0x0000000080000000,0x00000000806a1d78,0x0000000083500000)
 Metaspace       used 28915K, capacity 29788K, committed 29872K, reserved 1075200K
  class space    used 4004K, capacity 4259K, committed 4272K, reserved 1048576K
Event: 6.843 GC heap after
Heap after GC invocations=7 (full 1):
 PSYoungGen      total 71680K, used 5104K [0x00000000d5580000, 0x00000000da080000, 0x0000000100000000)
  eden space 66560K, 0% used [0x00000000d5580000,0x00000000d5580000,0x00000000d9680000)
  from space 5120K, 99% used [0x00000000d9b80000,0x00000000da07c298,0x00000000da080000)
  to   space 5120K, 0% used [0x00000000d9680000,0x00000000d9680000,0x00000000d9b80000)
 ParOldGen       total 54272K, used 10287K [0x0000000080000000, 0x0000000083500000, 0x00000000d5580000)
  object space 54272K, 18% used [0x0000000080000000,0x0000000080a0bc18,0x0000000083500000)
 Metaspace       used 28915K, capacity 29788K, committed 29872K, reserved 1075200K
  class space    used 4004K, capacity 4259K, committed 4272K, reserved 1048576K
}
Event: 7.729 GC heap before
{Heap before GC invocations=8 (full 1):
 PSYoungGen      total 71680K, used 71664K [0x00000000d5580000, 0x00000000da080000, 0x0000000100000000)
  eden space 66560K, 100% used [0x00000000d5580000,0x00000000d9680000,0x00000000d9680000)
  from space 5120K, 99% used [0x00000000d9b80000,0x00000000da07c298,0x00000000da080000)
  to   space 5120K, 0% used [0x00000000d9680000,0x00000000d9680000,0x00000000d9b80000)
 ParOldGen       total 54272K, used 10287K [0x0000000080000000, 0x0000000083500000, 0x00000000d5580000)
  object space 54272K, 18% used [0x0000000080000000,0x0000000080a0bc18,0x0000000083500000)
 Metaspace       used 33114K, capacity 34182K, committed 34352K, reserved 1079296K
  class space    used 4531K, capacity 4792K, committed 4912K, reserved 1048576K
Event: 7.760 GC heap after
Heap after GC invocations=8 (full 1):
 PSYoungGen      total 71680K, used 5104K [0x00000000d5580000, 0x00000000da080000, 0x0000000100000000)
  eden space 66560K, 0% used [0x00000000d5580000,0x00000000d5580000,0x00000000d9680000)
  from space 5120K, 99% used [0x00000000d9680000,0x00000000d9b7c010,0x00000000d9b80000)
  to   space 5120K, 0% used [0x00000000d9b80000,0x00000000d9b80000,0x00000000da080000)
 ParOldGen       total 54272K, used 14309K [0x0000000080000000, 0x0000000083500000, 0x00000000d5580000)
  object space 54272K, 26% used [0x0000000080000000,0x0000000080df9730,0x0000000083500000)
 Metaspace       used 33114K, capacity 34182K, committed 34352K, reserved 1079296K
  class space    used 4531K, capacity 4792K, committed 4912K, reserved 1048576K
}
Event: 8.286 GC heap before
{Heap before GC invocations=9 (full 1):
 PSYoungGen      total 71680K, used 28697K [0x00000000d5580000, 0x00000000da080000, 0x0000000100000000)
  eden space 66560K, 35% used [0x00000000d5580000,0x00000000d6c8a760,0x00000000d9680000)
  from space 5120K, 99% used [0x00000000d9680000,0x00000000d9b7c010,0x00000000d9b80000)
  to   space 5120K, 0% used [0x00000000d9b80000,0x00000000d9b80000,0x00000000da080000)
 ParOldGen       total 54272K, used 14309K [0x0000000080000000, 0x0000000083500000, 0x00000000d5580000)
  object space 54272K, 26% used [0x0000000080000000,0x0000000080df9730,0x0000000083500000)
 Metaspace       used 34238K, capacity 35408K, committed 35496K, reserved 1079296K
  class space    used 4712K, capacity 5001K, committed 5040K, reserved 1048576K
Event: 8.298 GC heap after
Heap after GC invocations=9 (full 1):
 PSYoungGen      total 71680K, used 5104K [0x00000000d5580000, 0x00000000da080000, 0x0000000100000000)
  eden space 66560K, 0% used [0x00000000d5580000,0x00000000d5580000,0x00000000d9680000)
  from space 5120K, 99% used [0x00000000d9b80000,0x00000000da07c010,0x00000000da080000)
  to   space 5120K, 0% used [0x00000000d9680000,0x00000000d9680000,0x00000000d9b80000)
 ParOldGen       total 54272K, used 15857K [0x0000000080000000, 0x0000000083500000, 0x00000000d5580000)
  object space 54272K, 29% used [0x0000000080000000,0x0000000080f7c658,0x0000000083500000)
 Metaspace       used 34238K, capacity 35408K, committed 35496K, reserved 1079296K
  class space    used 4712K, capacity 5001K, committed 5040K, reserved 1048576K
}
Event: 8.298 GC heap before
{Heap before GC invocations=10 (full 2):
 PSYoungGen      total 71680K, used 5104K [0x00000000d5580000, 0x00000000da080000, 0x0000000100000000)
  eden space 66560K, 0% used [0x00000000d5580000,0x00000000d5580000,0x00000000d9680000)
  from space 5120K, 99% used [0x00000000d9b80000,0x00000000da07c010,0x00000000da080000)
  to   space 5120K, 0% used [0x00000000d9680000,0x00000000d9680000,0x00000000d9b80000)
 ParOldGen       total 54272K, used 15857K [0x0000000080000000, 0x0000000083500000, 0x00000000d5580000)
  object space 54272K, 29% used [0x0000000080000000,0x0000000080f7c658,0x0000000083500000)
 Metaspace       used 34238K, capacity 35408K, committed 35496K, reserved 1079296K
  class space    used 4712K, capacity 5001K, committed 5040K, reserved 1048576K
Event: 8.384 GC heap after
Heap after GC invocations=10 (full 2):
 PSYoungGen      total 71680K, used 0K [0x00000000d5580000, 0x00000000da080000, 0x0000000100000000)
  eden space 66560K, 0% used [0x00000000d5580000,0x00000000d5580000,0x00000000d9680000)
  from space 5120K, 0% used [0x00000000d9b80000,0x00000000d9b80000,0x00000000da080000)
  to   space 5120K, 0% used [0x00000000d9680000,0x00000000d9680000,0x00000000d9b80000)
 ParOldGen       total 54272K, used 14367K [0x0000000080000000, 0x0000000083500000, 0x00000000d5580000)
  object space 54272K, 26% used [0x0000000080000000,0x0000000080e07d08,0x0000000083500000)
 Metaspace       used 34238K, capacity 35408K, committed 35496K, reserved 1079296K
  class space    used 4712K, capacity 5001K, committed 5040K, reserved 1048576K
}
Event: 9.332 GC heap before
{Heap before GC invocations=11 (full 2):
 PSYoungGen      total 71680K, used 66560K [0x00000000d5580000, 0x00000000da080000, 0x0000000100000000)
  eden space 66560K, 100% used [0x00000000d5580000,0x00000000d9680000,0x00000000d9680000)
  from space 5120K, 0% used [0x00000000d9b80000,0x00000000d9b80000,0x00000000da080000)
  to   space 5120K, 0% used [0x00000000d9680000,0x00000000d9680000,0x00000000d9b80000)
 ParOldGen       total 54272K, used 14367K [0x0000000080000000, 0x0000000083500000, 0x00000000d5580000)
  object space 54272K, 26% used [0x0000000080000000,0x0000000080e07d08,0x0000000083500000)
 Metaspace       used 36340K, capacity 37806K, committed 38056K, reserved 1081344K
  class space    used 4990K, capacity 5294K, committed 5296K, reserved 1048576K
Event: 9.337 GC heap after
Heap after GC invocations=11 (full 2):
 PSYoungGen      total 71680K, used 4732K [0x00000000d5580000, 0x00000000da080000, 0x0000000100000000)
  eden space 66560K, 0% used [0x00000000d5580000,0x00000000d5580000,0x00000000d9680000)
  from space 5120K, 92% used [0x00000000d9680000,0x00000000d9b1f320,0x00000000d9b80000)
  to   space 5120K, 0% used [0x00000000d9b80000,0x00000000d9b80000,0x00000000da080000)
 ParOldGen       total 54272K, used 14375K [0x0000000080000000, 0x0000000083500000, 0x00000000d5580000)
  object space 54272K, 26% used [0x0000000080000000,0x0000000080e09d08,0x0000000083500000)
 Metaspace       used 36340K, capacity 37806K, committed 38056K, reserved 1081344K
  class space    used 4990K, capacity 5294K, committed 5296K, reserved 1048576K
}

