# JRE version: OpenJDK Runtime Environment (8.0_242-b01) (build 1.8.0_242-release-1644-b01)
# Java VM: OpenJDK 64-Bit Server VM (25.242-b01 mixed mode windows-amd64 compressed oops)
Heap:
 PSYoungGen      total 138240K, used 98767K [0x00000000d5580000, 0x00000000de980000, 0x0000000100000000)
  eden space 126976K, 77% used [0x00000000d5580000,0x00000000db5f3d60,0x00000000dd180000)
  from space 11264K, 0% used [0x00000000dd380000,0x00000000dd380000,0x00000000dde80000)
  to   space 8704K, 0% used [0x00000000de100000,0x00000000de100000,0x00000000de980000)
 ParOldGen       total 64512K, used 17078K [0x0000000080000000, 0x0000000083f00000, 0x00000000d5580000)
  object space 64512K, 26% used [0x0000000080000000,0x00000000810ad930,0x0000000083f00000)
 Metaspace       used 36848K, capacity 38390K, committed 38440K, reserved 1085440K
  class space    used 5083K, capacity 5389K, committed 5424K, reserved 1048576K
GC Heap History (10 events):
Event: 5.364 GC heap before
{Heap before GC invocations=7 (full 0):
 PSYoungGen      total 76288K, used 9715K [0x00000000d5580000, 0x00000000dab80000, 0x0000000100000000)
  eden space 66048K, 1% used [0x00000000d5580000,0x00000000d56a3018,0x00000000d9600000)
  from space 10240K, 83% used [0x00000000da080000,0x00000000da8d9dc0,0x00000000daa80000)
  to   space 10752K, 0% used [0x00000000d9600000,0x00000000d9600000,0x00000000da080000)
 ParOldGen       total 87552K, used 6477K [0x0000000080000000, 0x0000000085580000, 0x00000000d5580000)
  object space 87552K, 7% used [0x0000000080000000,0x00000000806536a0,0x0000000085580000)
 Metaspace       used 20592K, capacity 21216K, committed 21296K, reserved 1067008K
  class space    used 2873K, capacity 3076K, committed 3120K, reserved 1048576K
Event: 5.373 GC heap after
Heap after GC invocations=7 (full 0):
 PSYoungGen      total 76800K, used 3684K [0x00000000d5580000, 0x00000000deb80000, 0x0000000100000000)
  eden space 66048K, 0% used [0x00000000d5580000,0x00000000d5580000,0x00000000d9600000)
  from space 10752K, 34% used [0x00000000d9600000,0x00000000d9999050,0x00000000da080000)
  to   space 10752K, 0% used [0x00000000de100000,0x00000000de100000,0x00000000deb80000)
 ParOldGen       total 87552K, used 8769K [0x0000000080000000, 0x0000000085580000, 0x00000000d5580000)
  object space 87552K, 10% used [0x0000000080000000,0x0000000080890700,0x0000000085580000)
 Metaspace       used 20592K, capacity 21216K, committed 21296K, reserved 1067008K
  class space    used 2873K, capacity 3076K, committed 3120K, reserved 1048576K
}
Event: 5.374 GC heap before
{Heap before GC invocations=8 (full 1):
 PSYoungGen      total 76800K, used 3684K [0x00000000d5580000, 0x00000000deb80000, 0x0000000100000000)
  eden space 66048K, 0% used [0x00000000d5580000,0x00000000d5580000,0x00000000d9600000)
  from space 10752K, 34% used [0x00000000d9600000,0x00000000d9999050,0x00000000da080000)
  to   space 10752K, 0% used [0x00000000de100000,0x00000000de100000,0x00000000deb80000)
 ParOldGen       total 87552K, used 8769K [0x0000000080000000, 0x0000000085580000, 0x00000000d5580000)
  object space 87552K, 10% used [0x0000000080000000,0x0000000080890700,0x0000000085580000)
 Metaspace       used 20592K, capacity 21216K, committed 21296K, reserved 1067008K
  class space    used 2873K, capacity 3076K, committed 3120K, reserved 1048576K
Event: 5.420 GC heap after
Heap after GC invocations=8 (full 1):
 PSYoungGen      total 76800K, used 0K [0x00000000d5580000, 0x00000000deb80000, 0x0000000100000000)
  eden space 66048K, 0% used [0x00000000d5580000,0x00000000d5580000,0x00000000d9600000)
  from space 10752K, 0% used [0x00000000d9600000,0x00000000d9600000,0x00000000da080000)
  to   space 10752K, 0% used [0x00000000de100000,0x00000000de100000,0x00000000deb80000)
 ParOldGen       total 46080K, used 6622K [0x0000000080000000, 0x0000000082d00000, 0x00000000d5580000)
  object space 46080K, 14% used [0x0000000080000000,0x00000000806778e8,0x0000000082d00000)
 Metaspace       used 20592K, capacity 21216K, committed 21296K, reserved 1067008K
  class space    used 2873K, capacity 3076K, committed 3120K, reserved 1048576K
}
Event: 6.534 GC heap before
{Heap before GC invocations=9 (full 1):
 PSYoungGen      total 76800K, used 66048K [0x00000000d5580000, 0x00000000deb80000, 0x0000000100000000)
  eden space 66048K, 100% used [0x00000000d5580000,0x00000000d9600000,0x00000000d9600000)
  from space 10752K, 0% used [0x00000000d9600000,0x00000000d9600000,0x00000000da080000)
  to   space 10752K, 0% used [0x00000000de100000,0x00000000de100000,0x00000000deb80000)
 ParOldGen       total 46080K, used 6622K [0x0000000080000000, 0x0000000082d00000, 0x00000000d5580000)
  object space 46080K, 14% used [0x0000000080000000,0x00000000806778e8,0x0000000082d00000)
 Metaspace       used 28841K, capacity 29682K, committed 29872K, reserved 1075200K
  class space    used 3994K, capacity 4225K, committed 4272K, reserved 1048576K
Event: 6.547 GC heap after
Heap after GC invocations=9 (full 1):
 PSYoungGen      total 135680K, used 8550K [0x00000000d5580000, 0x00000000de980000, 0x0000000100000000)
  eden space 126976K, 0% used [0x00000000d5580000,0x00000000d5580000,0x00000000dd180000)
  from space 8704K, 98% used [0x00000000de100000,0x00000000de9598d0,0x00000000de980000)
  to   space 11264K, 0% used [0x00000000dd380000,0x00000000dd380000,0x00000000dde80000)
 ParOldGen       total 46080K, used 6630K [0x0000000080000000, 0x0000000082d00000, 0x00000000d5580000)
  object space 46080K, 14% used [0x0000000080000000,0x00000000806798e8,0x0000000082d00000)
 Metaspace       used 28841K, capacity 29682K, committed 29872K, reserved 1075200K
  class space    used 3994K, capacity 4225K, committed 4272K, reserved 1048576K
}
Event: 7.826 GC heap before
{Heap before GC invocations=10 (full 1):
 PSYoungGen      total 135680K, used 100017K [0x00000000d5580000, 0x00000000de980000, 0x0000000100000000)
  eden space 126976K, 72% used [0x00000000d5580000,0x00000000daed2b60,0x00000000dd180000)
  from space 8704K, 98% used [0x00000000de100000,0x00000000de9598d0,0x00000000de980000)
  to   space 11264K, 0% used [0x00000000dd380000,0x00000000dd380000,0x00000000dde80000)
 ParOldGen       total 46080K, used 6630K [0x0000000080000000, 0x0000000082d00000, 0x00000000d5580000)
  object space 46080K, 14% used [0x0000000080000000,0x00000000806798e8,0x0000000082d00000)
 Metaspace       used 34246K, capacity 35404K, committed 35496K, reserved 1079296K
  class space    used 4717K, capacity 5001K, committed 5040K, reserved 1048576K
Event: 7.852 GC heap after
Heap after GC invocations=10 (full 1):
 PSYoungGen      total 138240K, used 10849K [0x00000000d5580000, 0x00000000de980000, 0x0000000100000000)
  eden space 126976K, 0% used [0x00000000d5580000,0x00000000d5580000,0x00000000dd180000)
  from space 11264K, 96% used [0x00000000dd380000,0x00000000dde18710,0x00000000dde80000)
  to   space 8704K, 0% used [0x00000000de100000,0x00000000de100000,0x00000000de980000)
 ParOldGen       total 46080K, used 6638K [0x0000000080000000, 0x0000000082d00000, 0x00000000d5580000)
  object space 46080K, 14% used [0x0000000080000000,0x000000008067b8e8,0x0000000082d00000)
 Metaspace       used 34246K, capacity 35404K, committed 35496K, reserved 1079296K
  class space    used 4717K, capacity 5001K, committed 5040K, reserved 1048576K
}
Event: 7.852 GC heap before
{Heap before GC invocations=11 (full 2):
 PSYoungGen      total 138240K, used 10849K [0x00000000d5580000, 0x00000000de980000, 0x0000000100000000)
  eden space 126976K, 0% used [0x00000000d5580000,0x00000000d5580000,0x00000000dd180000)
  from space 11264K, 96% used [0x00000000dd380000,0x00000000dde18710,0x00000000dde80000)
  to   space 8704K, 0% used [0x00000000de100000,0x00000000de100000,0x00000000de980000)
 ParOldGen       total 46080K, used 6638K [0x0000000080000000, 0x0000000082d00000, 0x00000000d5580000)
  object space 46080K, 14% used [0x0000000080000000,0x000000008067b8e8,0x0000000082d00000)
 Metaspace       used 34246K, capacity 35404K, committed 35496K, reserved 1079296K
  class space    used 4717K, capacity 5001K, committed 5040K, reserved 1048576K
Event: 7.949 GC heap after
Heap after GC invocations=11 (full 2):
 PSYoungGen      total 138240K, used 0K [0x00000000d5580000, 0x00000000de980000, 0x0000000100000000)
  eden space 126976K, 0% used [0x00000000d5580000,0x00000000d5580000,0x00000000dd180000)
  from space 11264K, 0% used [0x00000000dd380000,0x00000000dd380000,0x00000000dde80000)
  to   space 8704K, 0% used [0x00000000de100000,0x00000000de100000,0x00000000de980000)
 ParOldGen       total 64512K, used 17078K [0x0000000080000000, 0x0000000083f00000, 0x00000000d5580000)
  object space 64512K, 26% used [0x0000000080000000,0x00000000810ad930,0x0000000083f00000)
 Metaspace       used 34246K, capacity 35404K, committed 35496K, reserved 1079296K
  class space    used 4717K, capacity 5001K, committed 5040K, reserved 1048576K
}

