# JRE version: OpenJDK Runtime Environment (8.0_242-b01) (build 1.8.0_242-release-1644-b01)
# Java VM: OpenJDK 64-Bit Server VM (25.242-b01 mixed mode windows-amd64 compressed oops)
Heap:
 PSYoungGen      total 111104K, used 64493K [0x00000000d5580000, 0x00000000dce80000, 0x0000000100000000)
  eden space 100352K, 53% used [0x00000000d5580000,0x00000000d8a00488,0x00000000db780000)
  from space 10752K, 99% used [0x00000000dc400000,0x00000000dce7b2f0,0x00000000dce80000)
  to   space 11776K, 0% used [0x00000000db780000,0x00000000db780000,0x00000000dc300000)
 ParOldGen       total 68096K, used 21386K [0x0000000080000000, 0x0000000084280000, 0x00000000d5580000)
  object space 68096K, 31% used [0x0000000080000000,0x00000000814e2a28,0x0000000084280000)
 Metaspace       used 51656K, capacity 53594K, committed 53672K, reserved 1095680K
  class space    used 6909K, capacity 7307K, committed 7344K, reserved 1048576K
GC Heap History (10 events):
Event: 8.108 GC heap before
{Heap before GC invocations=10 (full 1):
 PSYoungGen      total 75776K, used 74052K [0x00000000d5580000, 0x00000000de680000, 0x0000000100000000)
  eden space 65536K, 100% used [0x00000000d5580000,0x00000000d9580000,0x00000000d9580000)
  from space 10240K, 83% used [0x00000000da080000,0x00000000da8d1228,0x00000000daa80000)
  to   space 11264K, 0% used [0x00000000d9580000,0x00000000d9580000,0x00000000da080000)
 ParOldGen       total 46592K, used 6637K [0x0000000080000000, 0x0000000082d80000, 0x00000000d5580000)
  object space 46592K, 14% used [0x0000000080000000,0x000000008067b598,0x0000000082d80000)
 Metaspace       used 33011K, capacity 34156K, committed 34352K, reserved 1079296K
  class space    used 4516K, capacity 4789K, committed 4912K, reserved 1048576K
Event: 8.137 GC heap after
Heap after GC invocations=10 (full 1):
 PSYoungGen      total 76800K, used 9233K [0x00000000d5580000, 0x00000000dd000000, 0x0000000100000000)
  eden space 65536K, 0% used [0x00000000d5580000,0x00000000d5580000,0x00000000d9580000)
  from space 11264K, 81% used [0x00000000d9580000,0x00000000d9e84630,0x00000000da080000)
  to   space 12288K, 0% used [0x00000000dc400000,0x00000000dc400000,0x00000000dd000000)
 ParOldGen       total 46592K, used 6645K [0x0000000080000000, 0x0000000082d80000, 0x00000000d5580000)
  object space 46592K, 14% used [0x0000000080000000,0x000000008067d598,0x0000000082d80000)
 Metaspace       used 33011K, capacity 34156K, committed 34352K, reserved 1079296K
  class space    used 4516K, capacity 4789K, committed 4912K, reserved 1048576K
}
Event: 8.609 GC heap before
{Heap before GC invocations=11 (full 1):
 PSYoungGen      total 76800K, used 35024K [0x00000000d5580000, 0x00000000dd000000, 0x0000000100000000)
  eden space 65536K, 39% used [0x00000000d5580000,0x00000000d6eafcf8,0x00000000d9580000)
  from space 11264K, 81% used [0x00000000d9580000,0x00000000d9e84630,0x00000000da080000)
  to   space 12288K, 0% used [0x00000000dc400000,0x00000000dc400000,0x00000000dd000000)
 ParOldGen       total 46592K, used 6645K [0x0000000080000000, 0x0000000082d80000, 0x00000000d5580000)
  object space 46592K, 14% used [0x0000000080000000,0x000000008067d598,0x0000000082d80000)
 Metaspace       used 34222K, capacity 35396K, committed 35496K, reserved 1079296K
  class space    used 4712K, capacity 5001K, committed 5040K, reserved 1048576K
Event: 8.629 GC heap after
Heap after GC invocations=11 (full 1):
 PSYoungGen      total 111104K, used 4512K [0x00000000d5580000, 0x00000000dce80000, 0x0000000100000000)
  eden space 100352K, 0% used [0x00000000d5580000,0x00000000d5580000,0x00000000db780000)
  from space 10752K, 41% used [0x00000000dc400000,0x00000000dc8681e0,0x00000000dce80000)
  to   space 11776K, 0% used [0x00000000db780000,0x00000000db780000,0x00000000dc300000)
 ParOldGen       total 46592K, used 9927K [0x0000000080000000, 0x0000000082d80000, 0x00000000d5580000)
  object space 46592K, 21% used [0x0000000080000000,0x00000000809b1fd8,0x0000000082d80000)
 Metaspace       used 34222K, capacity 35396K, committed 35496K, reserved 1079296K
  class space    used 4712K, capacity 5001K, committed 5040K, reserved 1048576K
}
Event: 8.629 GC heap before
{Heap before GC invocations=12 (full 2):
 PSYoungGen      total 111104K, used 4512K [0x00000000d5580000, 0x00000000dce80000, 0x0000000100000000)
  eden space 100352K, 0% used [0x00000000d5580000,0x00000000d5580000,0x00000000db780000)
  from space 10752K, 41% used [0x00000000dc400000,0x00000000dc8681e0,0x00000000dce80000)
  to   space 11776K, 0% used [0x00000000db780000,0x00000000db780000,0x00000000dc300000)
 ParOldGen       total 46592K, used 9927K [0x0000000080000000, 0x0000000082d80000, 0x00000000d5580000)
  object space 46592K, 21% used [0x0000000080000000,0x00000000809b1fd8,0x0000000082d80000)
 Metaspace       used 34222K, capacity 35396K, committed 35496K, reserved 1079296K
  class space    used 4712K, capacity 5001K, committed 5040K, reserved 1048576K
Event: 8.845 GC heap after
Heap after GC invocations=12 (full 2):
 PSYoungGen      total 111104K, used 0K [0x00000000d5580000, 0x00000000dce80000, 0x0000000100000000)
  eden space 100352K, 0% used [0x00000000d5580000,0x00000000d5580000,0x00000000db780000)
  from space 10752K, 0% used [0x00000000dc400000,0x00000000dc400000,0x00000000dce80000)
  to   space 11776K, 0% used [0x00000000db780000,0x00000000db780000,0x00000000dc300000)
 ParOldGen       total 68096K, used 14204K [0x0000000080000000, 0x0000000084280000, 0x00000000d5580000)
  object space 68096K, 20% used [0x0000000080000000,0x0000000080ddf110,0x0000000084280000)
 Metaspace       used 34222K, capacity 35396K, committed 35496K, reserved 1079296K
  class space    used 4712K, capacity 5001K, committed 5040K, reserved 1048576K
}
Event: 10.164 GC heap before
{Heap before GC invocations=13 (full 2):
 PSYoungGen      total 111104K, used 100352K [0x00000000d5580000, 0x00000000dce80000, 0x0000000100000000)
  eden space 100352K, 100% used [0x00000000d5580000,0x00000000db780000,0x00000000db780000)
  from space 10752K, 0% used [0x00000000dc400000,0x00000000dc400000,0x00000000dce80000)
  to   space 11776K, 0% used [0x00000000db780000,0x00000000db780000,0x00000000dc300000)
 ParOldGen       total 68096K, used 14204K [0x0000000080000000, 0x0000000084280000, 0x00000000d5580000)
  object space 68096K, 20% used [0x0000000080000000,0x0000000080ddf110,0x0000000084280000)
 Metaspace       used 37084K, capacity 38650K, committed 38824K, reserved 1083392K
  class space    used 5106K, capacity 5433K, committed 5552K, reserved 1048576K
Event: 10.175 GC heap after
Heap after GC invocations=13 (full 2):
 PSYoungGen      total 112128K, used 6859K [0x00000000d5580000, 0x00000000dce80000, 0x0000000100000000)
  eden space 100352K, 0% used [0x00000000d5580000,0x00000000d5580000,0x00000000db780000)
  from space 11776K, 58% used [0x00000000db780000,0x00000000dbe32e68,0x00000000dc300000)
  to   space 10752K, 0% used [0x00000000dc400000,0x00000000dc400000,0x00000000dce80000)
 ParOldGen       total 68096K, used 14212K [0x0000000080000000, 0x0000000084280000, 0x00000000d5580000)
  object space 68096K, 20% used [0x0000000080000000,0x0000000080de1110,0x0000000084280000)
 Metaspace       used 37084K, capacity 38650K, committed 38824K, reserved 1083392K
  class space    used 5106K, capacity 5433K, committed 5552K, reserved 1048576K
}
Event: 12.146 GC heap before
{Heap before GC invocations=14 (full 2):
 PSYoungGen      total 112128K, used 107211K [0x00000000d5580000, 0x00000000dce80000, 0x0000000100000000)
  eden space 100352K, 100% used [0x00000000d5580000,0x00000000db780000,0x00000000db780000)
  from space 11776K, 58% used [0x00000000db780000,0x00000000dbe32e68,0x00000000dc300000)
  to   space 10752K, 0% used [0x00000000dc400000,0x00000000dc400000,0x00000000dce80000)
 ParOldGen       total 68096K, used 14212K [0x0000000080000000, 0x0000000084280000, 0x00000000d5580000)
  object space 68096K, 20% used [0x0000000080000000,0x0000000080de1110,0x0000000084280000)
 Metaspace       used 47708K, capacity 49490K, committed 49576K, reserved 1091584K
  class space    used 6436K, capacity 6783K, committed 6832K, reserved 1048576K
Event: 12.167 GC heap after
Heap after GC invocations=14 (full 2):
 PSYoungGen      total 111104K, used 10732K [0x00000000d5580000, 0x00000000dce80000, 0x0000000100000000)
  eden space 100352K, 0% used [0x00000000d5580000,0x00000000d5580000,0x00000000db780000)
  from space 10752K, 99% used [0x00000000dc400000,0x00000000dce7b2f0,0x00000000dce80000)
  to   space 11776K, 0% used [0x00000000db780000,0x00000000db780000,0x00000000dc300000)
 ParOldGen       total 68096K, used 21386K [0x0000000080000000, 0x0000000084280000, 0x00000000d5580000)
  object space 68096K, 31% used [0x0000000080000000,0x00000000814e2a28,0x0000000084280000)
 Metaspace       used 47708K, capacity 49490K, committed 49576K, reserved 1091584K
  class space    used 6436K, capacity 6783K, committed 6832K, reserved 1048576K
}

