# JRE version: OpenJDK Runtime Environment (8.0_242-b01) (build 1.8.0_242-release-1644-b01)
# Java VM: OpenJDK 64-Bit Server VM (25.242-b01 mixed mode windows-amd64 compressed oops)
Heap:
 PSYoungGen      total 401920K, used 156973K [0x00000000d5580000, 0x00000000f2d00000, 0x0000000100000000)
  eden space 339456K, 36% used [0x00000000d5580000,0x00000000dcd511d0,0x00000000ea100000)
  from space 62464K, 54% used [0x00000000ea100000,0x00000000ec27a398,0x00000000ede00000)
  to   space 59392K, 0% used [0x00000000ef300000,0x00000000ef300000,0x00000000f2d00000)
 ParOldGen       total 294912K, used 106406K [0x0000000080000000, 0x0000000092000000, 0x00000000d5580000)
  object space 294912K, 36% used [0x0000000080000000,0x00000000867e9870,0x0000000092000000)
 Metaspace       used 183333K, capacity 194578K, committed 203448K, reserved 1228800K
  class space    used 23428K, capacity 25435K, committed 26972K, reserved 1048576K
GC Heap History (10 events):
Event: 17925.319 GC heap before
{Heap before GC invocations=104 (full 7):
 PSYoungGen      total 354304K, used 338107K [0x00000000d5580000, 0x00000000ef700000, 0x0000000100000000)
  eden space 293888K, 100% used [0x00000000d5580000,0x00000000e7480000,0x00000000e7480000)
  from space 60416K, 73% used [0x00000000eb200000,0x00000000edd2ec48,0x00000000eed00000)
  to   space 62976K, 0% used [0x00000000e7480000,0x00000000e7480000,0x00000000eb200000)
 ParOldGen       total 294912K, used 106406K [0x0000000080000000, 0x0000000092000000, 0x00000000d5580000)
  object space 294912K, 36% used [0x0000000080000000,0x00000000867e9870,0x0000000092000000)
 Metaspace       used 183263K, capacity 194442K, committed 203448K, reserved 1228800K
  class space    used 23428K, capacity 25435K, committed 26972K, reserved 1048576K
Event: 17925.496 GC heap after
Heap after GC invocations=104 (full 7):
 PSYoungGen      total 356864K, used 42902K [0x00000000d5580000, 0x00000000f0700000, 0x0000000100000000)
  eden space 293888K, 0% used [0x00000000d5580000,0x00000000d5580000,0x00000000e7480000)
  from space 62976K, 68% used [0x00000000e7480000,0x00000000e9e65988,0x00000000eb200000)
  to   space 64000K, 0% used [0x00000000ec880000,0x00000000ec880000,0x00000000f0700000)
 ParOldGen       total 294912K, used 106406K [0x0000000080000000, 0x0000000092000000, 0x00000000d5580000)
  object space 294912K, 36% used [0x0000000080000000,0x00000000867e9870,0x0000000092000000)
 Metaspace       used 183263K, capacity 194442K, committed 203448K, reserved 1228800K
  class space    used 23428K, capacity 25435K, committed 26972K, reserved 1048576K
}
Event: 17927.098 GC heap before
{Heap before GC invocations=105 (full 7):
 PSYoungGen      total 356864K, used 336790K [0x00000000d5580000, 0x00000000f0700000, 0x0000000100000000)
  eden space 293888K, 100% used [0x00000000d5580000,0x00000000e7480000,0x00000000e7480000)
  from space 62976K, 68% used [0x00000000e7480000,0x00000000e9e65988,0x00000000eb200000)
  to   space 64000K, 0% used [0x00000000ec880000,0x00000000ec880000,0x00000000f0700000)
 ParOldGen       total 294912K, used 106406K [0x0000000080000000, 0x0000000092000000, 0x00000000d5580000)
  object space 294912K, 36% used [0x0000000080000000,0x00000000867e9870,0x0000000092000000)
 Metaspace       used 183279K, capacity 194442K, committed 203448K, reserved 1228800K
  class space    used 23428K, capacity 25435K, committed 26972K, reserved 1048576K
Event: 17927.215 GC heap after
Heap after GC invocations=105 (full 7):
 PSYoungGen      total 378880K, used 42926K [0x00000000d5580000, 0x00000000f0900000, 0x0000000100000000)
  eden space 314880K, 0% used [0x00000000d5580000,0x00000000d5580000,0x00000000e8900000)
  from space 64000K, 67% used [0x00000000ec880000,0x00000000ef26ba18,0x00000000f0700000)
  to   space 65024K, 0% used [0x00000000e8900000,0x00000000e8900000,0x00000000ec880000)
 ParOldGen       total 294912K, used 106406K [0x0000000080000000, 0x0000000092000000, 0x00000000d5580000)
  object space 294912K, 36% used [0x0000000080000000,0x00000000867e9870,0x0000000092000000)
 Metaspace       used 183279K, capacity 194442K, committed 203448K, reserved 1228800K
  class space    used 23428K, capacity 25435K, committed 26972K, reserved 1048576K
}
Event: 17930.198 GC heap before
{Heap before GC invocations=106 (full 7):
 PSYoungGen      total 378880K, used 357806K [0x00000000d5580000, 0x00000000f0900000, 0x0000000100000000)
  eden space 314880K, 100% used [0x00000000d5580000,0x00000000e8900000,0x00000000e8900000)
  from space 64000K, 67% used [0x00000000ec880000,0x00000000ef26ba18,0x00000000f0700000)
  to   space 65024K, 0% used [0x00000000e8900000,0x00000000e8900000,0x00000000ec880000)
 ParOldGen       total 294912K, used 106406K [0x0000000080000000, 0x0000000092000000, 0x00000000d5580000)
  object space 294912K, 36% used [0x0000000080000000,0x00000000867e9870,0x0000000092000000)
 Metaspace       used 183298K, capacity 194506K, committed 203448K, reserved 1228800K
  class space    used 23428K, capacity 25435K, committed 26972K, reserved 1048576K
Event: 17930.821 GC heap after
Heap after GC invocations=106 (full 7):
 PSYoungGen      total 379904K, used 40814K [0x00000000d5580000, 0x00000000f2280000, 0x0000000100000000)
  eden space 314880K, 0% used [0x00000000d5580000,0x00000000d5580000,0x00000000e8900000)
  from space 65024K, 62% used [0x00000000e8900000,0x00000000eb0dbb18,0x00000000ec880000)
  to   space 64512K, 0% used [0x00000000ee380000,0x00000000ee380000,0x00000000f2280000)
 ParOldGen       total 294912K, used 106406K [0x0000000080000000, 0x0000000092000000, 0x00000000d5580000)
  object space 294912K, 36% used [0x0000000080000000,0x00000000867e9870,0x0000000092000000)
 Metaspace       used 183298K, capacity 194506K, committed 203448K, reserved 1228800K
  class space    used 23428K, capacity 25435K, committed 26972K, reserved 1048576K
}
Event: 17937.516 GC heap before
{Heap before GC invocations=107 (full 7):
 PSYoungGen      total 379904K, used 355694K [0x00000000d5580000, 0x00000000f2280000, 0x0000000100000000)
  eden space 314880K, 100% used [0x00000000d5580000,0x00000000e8900000,0x00000000e8900000)
  from space 65024K, 62% used [0x00000000e8900000,0x00000000eb0dbb18,0x00000000ec880000)
  to   space 64512K, 0% used [0x00000000ee380000,0x00000000ee380000,0x00000000f2280000)
 ParOldGen       total 294912K, used 106406K [0x0000000080000000, 0x0000000092000000, 0x00000000d5580000)
  object space 294912K, 36% used [0x0000000080000000,0x00000000867e9870,0x0000000092000000)
 Metaspace       used 183325K, capacity 194574K, committed 203448K, reserved 1228800K
  class space    used 23428K, capacity 25435K, committed 26972K, reserved 1048576K
Event: 17937.603 GC heap after
Heap after GC invocations=107 (full 7):
 PSYoungGen      total 396288K, used 35577K [0x00000000d5580000, 0x00000000f1b00000, 0x0000000100000000)
  eden space 339456K, 0% used [0x00000000d5580000,0x00000000d5580000,0x00000000ea100000)
  from space 56832K, 62% used [0x00000000ee380000,0x00000000f063e620,0x00000000f1b00000)
  to   space 62464K, 0% used [0x00000000ea100000,0x00000000ea100000,0x00000000ede00000)
 ParOldGen       total 294912K, used 106406K [0x0000000080000000, 0x0000000092000000, 0x00000000d5580000)
  object space 294912K, 36% used [0x0000000080000000,0x00000000867e9870,0x0000000092000000)
 Metaspace       used 183325K, capacity 194574K, committed 203448K, reserved 1228800K
  class space    used 23428K, capacity 25435K, committed 26972K, reserved 1048576K
}
Event: 17940.040 GC heap before
{Heap before GC invocations=108 (full 7):
 PSYoungGen      total 396288K, used 375033K [0x00000000d5580000, 0x00000000f1b00000, 0x0000000100000000)
  eden space 339456K, 100% used [0x00000000d5580000,0x00000000ea100000,0x00000000ea100000)
  from space 56832K, 62% used [0x00000000ee380000,0x00000000f063e620,0x00000000f1b00000)
  to   space 62464K, 0% used [0x00000000ea100000,0x00000000ea100000,0x00000000ede00000)
 ParOldGen       total 294912K, used 106406K [0x0000000080000000, 0x0000000092000000, 0x00000000d5580000)
  object space 294912K, 36% used [0x0000000080000000,0x00000000867e9870,0x0000000092000000)
 Metaspace       used 183333K, capacity 194578K, committed 203448K, reserved 1228800K
  class space    used 23428K, capacity 25435K, committed 26972K, reserved 1048576K
Event: 17940.140 GC heap after
Heap after GC invocations=108 (full 7):
 PSYoungGen      total 401920K, used 34280K [0x00000000d5580000, 0x00000000f2d00000, 0x0000000100000000)
  eden space 339456K, 0% used [0x00000000d5580000,0x00000000d5580000,0x00000000ea100000)
  from space 62464K, 54% used [0x00000000ea100000,0x00000000ec27a398,0x00000000ede00000)
  to   space 59392K, 0% used [0x00000000ef300000,0x00000000ef300000,0x00000000f2d00000)
 ParOldGen       total 294912K, used 106406K [0x0000000080000000, 0x0000000092000000, 0x00000000d5580000)
  object space 294912K, 36% used [0x0000000080000000,0x00000000867e9870,0x0000000092000000)
 Metaspace       used 183333K, capacity 194578K, committed 203448K, reserved 1228800K
  class space    used 23428K, capacity 25435K, committed 26972K, reserved 1048576K
}

